2018-09-16T09:18:49+00:00 CRITICAL Maximum execution time of 30 seconds exceeded

2018-09-16T10:22:02+00:00 CRITICAL Maximum execution time of 30 seconds exceeded

2018-09-16T10:46:01+00:00 CRITICAL Uncaught Error: Call to a member function add_setting() on null in C:\xampp\htdocs\ecommerce\wp-content\themes\twentyseventeen\functions.php:53
Stack trace:
#0 C:\xampp\htdocs\ecommerce\wp-includes\class-wp-hook.php(286): twentyseventeen_setup('')
#1 C:\xampp\htdocs\ecommerce\wp-includes\class-wp-hook.php(310): WP_Hook->apply_filters(NULL, Array)
#2 C:\xampp\htdocs\ecommerce\wp-includes\plugin.php(453): WP_Hook->do_action(Array)
#3 C:\xampp\htdocs\ecommerce\wp-settings.php(434): do_action('after_setup_the...')
#4 C:\xampp\htdocs\ecommerce\wp-config.php(89): require_once('C:\\xampp\\htdocs...')
#5 C:\xampp\htdocs\ecommerce\wp-load.php(37): require_once('C:\\xampp\\htdocs...')
#6 C:\xampp\htdocs\ecommerce\wp-admin\admin.php(31): require_once('C:\\xampp\\htdocs...')
#7 C:\xampp\htdocs\ecommerce\wp-admin\customize.php(13): require_once('C:\\xampp\\htdocs...')
#8 {main}
  thrown

2018-09-16T11:19:23+00:00 CRITICAL Uncaught Error: Call to a member function add_setting() on null in C:\xampp\htdocs\ecommerce\wp-content\themes\twentyseventeen\functions.php:51
Stack trace:
#0 C:\xampp\htdocs\ecommerce\wp-settings.php(426): include()
#1 C:\xampp\htdocs\ecommerce\wp-config.php(89): require_once('C:\\xampp\\htdocs...')
#2 C:\xampp\htdocs\ecommerce\wp-load.php(37): require_once('C:\\xampp\\htdocs...')
#3 C:\xampp\htdocs\ecommerce\wp-blog-header.php(13): require_once('C:\\xampp\\htdocs...')
#4 C:\xampp\htdocs\ecommerce\index.php(17): require('C:\\xampp\\htdocs...')
#5 {main}
  thrown

2018-09-16T11:19:23+00:00 CRITICAL Uncaught Error: Call to a member function add_setting() on null in C:\xampp\htdocs\ecommerce\wp-content\themes\twentyseventeen\functions.php:51
Stack trace:
#0 C:\xampp\htdocs\ecommerce\wp-settings.php(426): include()
#1 C:\xampp\htdocs\ecommerce\wp-config.php(89): require_once('C:\\xampp\\htdocs...')
#2 C:\xampp\htdocs\ecommerce\wp-load.php(37): require_once('C:\\xampp\\htdocs...')
#3 C:\xampp\htdocs\ecommerce\wp-blog-header.php(13): require_once('C:\\xampp\\htdocs...')
#4 C:\xampp\htdocs\ecommerce\index.php(17): require('C:\\xampp\\htdocs...')
#5 {main}
  thrown

2018-09-16T11:20:38+00:00 CRITICAL Uncaught Error: Call to a member function add_setting() on null in C:\xampp\htdocs\ecommerce\wp-content\themes\twentyseventeen\functions.php:51
Stack trace:
#0 C:\xampp\htdocs\ecommerce\wp-settings.php(426): include()
#1 C:\xampp\htdocs\ecommerce\wp-config.php(89): require_once('C:\\xampp\\htdocs...')
#2 C:\xampp\htdocs\ecommerce\wp-load.php(37): require_once('C:\\xampp\\htdocs...')
#3 C:\xampp\htdocs\ecommerce\wp-blog-header.php(13): require_once('C:\\xampp\\htdocs...')
#4 C:\xampp\htdocs\ecommerce\index.php(17): require('C:\\xampp\\htdocs...')
#5 {main}
  thrown

2018-09-16T11:21:17+00:00 CRITICAL Uncaught Error: Call to a member function add_setting() on null in C:\xampp\htdocs\ecommerce\wp-content\themes\twentyseventeen\functions.php:52
Stack trace:
#0 C:\xampp\htdocs\ecommerce\wp-settings.php(426): include()
#1 C:\xampp\htdocs\ecommerce\wp-config.php(89): require_once('C:\\xampp\\htdocs...')
#2 C:\xampp\htdocs\ecommerce\wp-load.php(37): require_once('C:\\xampp\\htdocs...')
#3 C:\xampp\htdocs\ecommerce\wp-blog-header.php(13): require_once('C:\\xampp\\htdocs...')
#4 C:\xampp\htdocs\ecommerce\index.php(17): require('C:\\xampp\\htdocs...')
#5 {main}
  thrown

2018-09-16T11:21:57+00:00 CRITICAL Uncaught Error: Call to a member function add_setting() on null in C:\xampp\htdocs\ecommerce\wp-content\themes\twentyseventeen\functions.php:53
Stack trace:
#0 C:\xampp\htdocs\ecommerce\wp-settings.php(426): include()
#1 C:\xampp\htdocs\ecommerce\wp-config.php(89): require_once('C:\\xampp\\htdocs...')
#2 C:\xampp\htdocs\ecommerce\wp-load.php(37): require_once('C:\\xampp\\htdocs...')
#3 C:\xampp\htdocs\ecommerce\wp-blog-header.php(13): require_once('C:\\xampp\\htdocs...')
#4 C:\xampp\htdocs\ecommerce\index.php(17): require('C:\\xampp\\htdocs...')
#5 {main}
  thrown

2018-09-16T11:22:09+00:00 CRITICAL Uncaught Error: Call to a member function add_setting() on null in C:\xampp\htdocs\ecommerce\wp-content\themes\twentyseventeen\functions.php:37
Stack trace:
#0 C:\xampp\htdocs\ecommerce\wp-settings.php(426): include()
#1 C:\xampp\htdocs\ecommerce\wp-config.php(89): require_once('C:\\xampp\\htdocs...')
#2 C:\xampp\htdocs\ecommerce\wp-load.php(37): require_once('C:\\xampp\\htdocs...')
#3 C:\xampp\htdocs\ecommerce\wp-blog-header.php(13): require_once('C:\\xampp\\htdocs...')
#4 C:\xampp\htdocs\ecommerce\index.php(17): require('C:\\xampp\\htdocs...')
#5 {main}
  thrown

2018-09-16T11:24:09+00:00 CRITICAL Uncaught Error: Call to a member function add_setting() on null in C:\xampp\htdocs\ecommerce\wp-content\themes\twentyseventeen\functions.php:52
Stack trace:
#0 C:\xampp\htdocs\ecommerce\wp-settings.php(426): include()
#1 C:\xampp\htdocs\ecommerce\wp-config.php(89): require_once('C:\\xampp\\htdocs...')
#2 C:\xampp\htdocs\ecommerce\wp-load.php(37): require_once('C:\\xampp\\htdocs...')
#3 C:\xampp\htdocs\ecommerce\wp-blog-header.php(13): require_once('C:\\xampp\\htdocs...')
#4 C:\xampp\htdocs\ecommerce\index.php(17): require('C:\\xampp\\htdocs...')
#5 {main}
  thrown

2018-09-16T11:25:32+00:00 CRITICAL Uncaught Error: Call to a member function add_setting() on null in C:\xampp\htdocs\ecommerce\wp-content\themes\twentyseventeen\functions.php:52
Stack trace:
#0 C:\xampp\htdocs\ecommerce\wp-settings.php(426): include()
#1 C:\xampp\htdocs\ecommerce\wp-config.php(89): require_once('C:\\xampp\\htdocs...')
#2 C:\xampp\htdocs\ecommerce\wp-load.php(37): require_once('C:\\xampp\\htdocs...')
#3 C:\xampp\htdocs\ecommerce\wp-blog-header.php(13): require_once('C:\\xampp\\htdocs...')
#4 C:\xampp\htdocs\ecommerce\index.php(17): require('C:\\xampp\\htdocs...')
#5 {main}
  thrown

2018-09-16T11:26:04+00:00 CRITICAL Uncaught Error: Call to a member function add_setting() on null in C:\xampp\htdocs\ecommerce\wp-content\themes\twentyseventeen\functions.php:36
Stack trace:
#0 C:\xampp\htdocs\ecommerce\wp-settings.php(426): include()
#1 C:\xampp\htdocs\ecommerce\wp-config.php(89): require_once('C:\\xampp\\htdocs...')
#2 C:\xampp\htdocs\ecommerce\wp-load.php(37): require_once('C:\\xampp\\htdocs...')
#3 C:\xampp\htdocs\ecommerce\wp-blog-header.php(13): require_once('C:\\xampp\\htdocs...')
#4 C:\xampp\htdocs\ecommerce\index.php(17): require('C:\\xampp\\htdocs...')
#5 {main}
  thrown

