2018-09-20T10:49:46+00:00 DEBUG 
====Stripe Version: 4.1.8====
====Start Log====
Keys are not set correctly.
====End Log====


2018-09-20T10:50:54+00:00 DEBUG 
====Stripe Version: 4.1.8====
====Start Log====
Keys are not set correctly.
====End Log====


2018-09-20T10:54:04+00:00 DEBUG 
====Stripe Version: 4.1.8====
====Start Log====
Keys are not set correctly.
====End Log====


2018-09-20T10:55:08+00:00 DEBUG 
====Stripe Version: 4.1.8====
====Start Log====
Keys are not set correctly.
====End Log====


2018-09-20T10:56:52+00:00 DEBUG 
====Stripe Version: 4.1.8====
====Start Log====
Error: Unable to verify domain - missing secret key.
====End Log====


2018-09-20T10:58:37+00:00 DEBUG 
====Stripe Version: 4.1.8====
====Start Log====
Error: Unable to verify domain - missing secret key.
====End Log====


